<?xml version="1.0" encoding="utf-8"?><testsuites name="pytest tests"><testsuite name="pytest" errors="0" failures="0" skipped="0" tests="2" time="24.781" timestamp="2026-08-26T00:56:40.646241+00:00" hostname="agent-env-666518cf-105a-4d5c-8086-d026ec17cfd2"><testcase classname="tests.test_chat_memory.TestChatMemory" name="test_chat_learns_revenue_goal" time="9.042" /><testcase classname="tests.test_chat_memory.TestChatMemory" name="test_chat_uses_goal_in_advice" time="15.684" /></testsuite></testsuites>