<?xml version="1.0" encoding="utf-8"?><testsuites name="pytest tests"><testsuite name="pytest" errors="0" failures="0" skipped="0" tests="10" time="1.859" timestamp="2026-08-26T00:56:33.308286+00:00" hostname="agent-env-666518cf-105a-4d5c-8086-d026ec17cfd2"><testcase classname="tests.test_memory_anomalies.TestMemoryRead" name="test_requires_auth" time="0.140" /><testcase classname="tests.test_memory_anomalies.TestMemoryRead" name="test_get_memory_seeded" time="0.469" /><testcase classname="tests.test_memory_anomalies.TestMemoryWrite" name="test_update_goals_and_restore" time="0.237" /><testcase classname="tests.test_memory_anomalies.TestMemoryWrite" name="test_partial_update_does_not_wipe_other_fields" time="0.239" /><testcase classname="tests.test_memory_anomalies.TestMemoryWrite" name="test_add_and_delete_fact" time="0.240" /><testcase classname="tests.test_memory_anomalies.TestMemoryWrite" name="test_delete_unknown_fact_404" time="0.062" /><testcase classname="tests.test_memory_anomalies.TestMemoryWrite" name="test_goal_insight_absent_when_goal_cleared" time="0.229" /><testcase classname="tests.test_memory_anomalies.TestMemoryWrite" name="test_empty_fact_rejected" time="0.062" /><testcase classname="tests.test_memory_anomalies.TestAnomalyInsights" name="test_overview_anomaly_and_goal_insights" time="0.061" /><testcase classname="tests.test_memory_anomalies.TestRadarAnomalyAlerts" name="test_anomaly_alerts_exist" time="0.061" /></testsuite></testsuites>