<?xml version="1.0" encoding="utf-8"?><testsuites name="pytest tests"><testsuite name="pytest" errors="0" failures="1" skipped="0" tests="14" time="2.555" timestamp="2026-08-26T00:04:46.569445+00:00" hostname="agent-env-666518cf-105a-4d5c-8086-d026ec17cfd2"><testcase classname="tests.test_command_center.TestDemoAuth" name="test_login_returns_user_and_company" time="0.618" /><testcase classname="tests.test_command_center.TestSeededModules" name="test_dashboard_summary" time="0.619" /><testcase classname="tests.test_command_center.TestSeededModules" name="test_radar_alerts" time="0.048" /><testcase classname="tests.test_command_center.TestSeededModules" name="test_customers_seeded" time="0.046" /><testcase classname="tests.test_command_center.TestSeededModules" name="test_inventory_seeded" time="0.235" /><testcase classname="tests.test_command_center.TestSeededModules" name="test_transactions_seeded" time="0.064" /><testcase classname="tests.test_command_center.TestDemoAuth" name="test_me_endpoint" time="0.473" /><testcase classname="tests.test_command_center.TestChatAI" name="test_chat_stream_grounded_answer" time="0.385"><failure message="AssertionError: data: {&quot;type&quot;: &quot;error&quot;, &quot;message&quot;: &quot;Desculpe, ocorreu um erro ao processar sua pergunta. Tente novamente.&quot;}&#10;assert ('R$' in 'data: {&quot;type&quot;: &quot;error&quot;, &quot;message&quot;: &quot;Desculpe, ocorreu um erro ao processar sua pergunta. Tente novamente.&quot;}' or False)&#10; +  where False = any(&lt;generator object TestChatAI.test_chat_stream_grounded_answer.&lt;locals&gt;.&lt;genexpr&gt; at 0xfa86c8f6a670&gt;)">tests/test_command_center.py:202: in test_chat_stream_grounded_answer
    assert "R$" in body or any(ch.isdigit() for ch in body), body[:500]
E   AssertionError: data: {"type": "error", "message": "Desculpe, ocorreu um erro ao processar sua pergunta. Tente novamente."}
E   assert ('R$' in 'data: {"type": "error", "message": "Desculpe, ocorreu um erro ao processar sua pergunta. Tente novamente."}' or False)
E    +  where False = any(&lt;generator object TestChatAI.test_chat_stream_grounded_answer.&lt;locals&gt;.&lt;genexpr&gt; at 0xfa86c8f6a670&gt;)</failure></testcase><testcase classname="tests.test_command_center.TestDemoAuth" name="test_overview_requires_auth" time="0.165" /><testcase classname="tests.test_command_center.TestCommandOverview" name="test_overview_shape_and_scope" time="0.065" /><testcase classname="tests.test_command_center.TestCommandOverview" name="test_insights_contract" time="0.065" /><testcase classname="tests.test_command_center.TestCommandOverview" name="test_no_mongo_object_id_leak" time="0.072" /><testcase classname="tests.test_command_center.TestChatAI" name="test_chat_history_persisted" time="0.089" /><testcase classname="tests.test_command_center.TestNewUserEmptyState" name="test_register_then_empty_overview" time="0.483" /></testsuite></testsuites>