<?xml version="1.0" encoding="utf-8"?><testsuites name="pytest tests"><testsuite name="pytest" errors="0" failures="0" skipped="0" tests="14" time="8.583" timestamp="2026-08-26T00:15:55.579546+00:00" hostname="agent-env-666518cf-105a-4d5c-8086-d026ec17cfd2"><testcase classname="tests.test_command_center.TestDemoAuth" name="test_login_returns_user_and_company" time="0.797" /><testcase classname="tests.test_command_center.TestSeededModules" name="test_dashboard_summary" time="0.787" /><testcase classname="tests.test_command_center.TestSeededModules" name="test_radar_alerts" time="0.049" /><testcase classname="tests.test_command_center.TestSeededModules" name="test_customers_seeded" time="0.306" /><testcase classname="tests.test_command_center.TestDemoAuth" name="test_me_endpoint" time="0.447" /><testcase classname="tests.test_command_center.TestSeededModules" name="test_inventory_seeded" time="0.047" /><testcase classname="tests.test_command_center.TestSeededModules" name="test_transactions_seeded" time="0.110" /><testcase classname="tests.test_command_center.TestDemoAuth" name="test_overview_requires_auth" time="0.148" /><testcase classname="tests.test_command_center.TestChatAI" name="test_chat_stream_grounded_answer" time="6.155" /><testcase classname="tests.test_command_center.TestCommandOverview" name="test_overview_shape_and_scope" time="0.058" /><testcase classname="tests.test_command_center.TestCommandOverview" name="test_insights_contract" time="0.052" /><testcase classname="tests.test_command_center.TestCommandOverview" name="test_no_mongo_object_id_leak" time="0.061" /><testcase classname="tests.test_command_center.TestChatAI" name="test_chat_history_persisted" time="0.062" /><testcase classname="tests.test_command_center.TestNewUserEmptyState" name="test_register_then_empty_overview" time="0.485" /></testsuite></testsuites>