<?xml version="1.0" encoding="utf-8"?><testsuites name="pytest tests"><testsuite name="pytest" errors="0" failures="0" skipped="1" tests="25" time="6.976" timestamp="2026-08-26T00:16:11.699067+00:00" hostname="agent-env-666518cf-105a-4d5c-8086-d026ec17cfd2"><testcase classname="tests.test_socio_digital.TestAuth" name="test_root" time="0.136" /><testcase classname="tests.test_socio_digital.TestUploadAndDashboard" name="test_dashboard_empty_state" time="0.668" /><testcase classname="tests.test_socio_digital.TestUploadAndDashboard" name="test_upload_transactions" time="0.229" /><testcase classname="tests.test_socio_digital.TestAuth" name="test_register_creates_owner" time="0.538" /><testcase classname="tests.test_socio_digital.TestAuth" name="test_register_duplicate_email_rejected" time="0.117" /><testcase classname="tests.test_socio_digital.TestUploadAndDashboard" name="test_upload_invalid_file" time="0.287" /><testcase classname="tests.test_socio_digital.TestAuth" name="test_login_success" time="0.390" /><testcase classname="tests.test_socio_digital.TestAuth" name="test_login_invalid" time="0.341" /><testcase classname="tests.test_socio_digital.TestUploadAndDashboard" name="test_dashboard_summary_after_upload" time="0.109" /><testcase classname="tests.test_socio_digital.TestUploadAndDashboard" name="test_cashflow" time="0.225" /><testcase classname="tests.test_socio_digital.TestUploadAndDashboard" name="test_categories" time="0.115" /><testcase classname="tests.test_socio_digital.TestAuth" name="test_me_returns_user_and_company" time="0.126" /><testcase classname="tests.test_socio_digital.TestAuth" name="test_protected_without_token" time="0.327" /><testcase classname="tests.test_socio_digital.TestTransactions" name="test_list" time="0.476" /><testcase classname="tests.test_socio_digital.TestRadar" name="test_alerts_list" time="0.172" /><testcase classname="tests.test_socio_digital.TestTransactions" name="test_filter_type_receita" time="0.130" /><testcase classname="tests.test_socio_digital.TestRadar" name="test_recompute" time="0.161" /><testcase classname="tests.test_socio_digital.TestTransactions" name="test_delete_transaction" time="0.241" /><testcase classname="tests.test_socio_digital.TestRadar" name="test_resolve_alert" time="0.113"><skipped type="pytest.skip" message="No alerts to resolve">/app/backend/tests/test_socio_digital.py:165: No alerts to resolve</skipped></testcase><testcase classname="tests.test_socio_digital.TestChat" name="test_history" time="0.114" /><testcase classname="tests.test_socio_digital.TestTeam" name="test_get_team" time="0.143" /><testcase classname="tests.test_socio_digital.TestChat" name="test_stream_basic" time="3.766" /><testcase classname="tests.test_socio_digital.TestTeam" name="test_add_and_remove_member" time="0.517" /><testcase classname="tests.test_socio_digital.TestInventory" name="test_upload_and_list" time="0.234" /><testcase classname="tests.test_socio_digital.TestCustomers" name="test_list" time="0.148" /></testsuite></testsuites>