<?xml version="1.0" encoding="utf-8"?><testsuites name="pytest tests"><testsuite name="pytest" errors="0" failures="0" skipped="0" tests="2" time="16.252" timestamp="2026-08-26T00:16:53.309905+00:00" hostname="agent-env-666518cf-105a-4d5c-8086-d026ec17cfd2"><testcase classname="tests.test_command_center_extra.TestChatMultiTurn" name="test_two_turns_same_session" time="15.703" /><testcase classname="tests.test_command_center_extra.TestRadarSeededAlerts" name="test_nine_alerts_with_priorities" time="1.030" /></testsuite></testsuites>