<?xml version="1.0" encoding="utf-8"?><testsuites name="pytest tests"><testsuite name="pytest" errors="0" failures="0" skipped="2" tests="39" time="13.854" timestamp="2026-08-26T00:05:28.806597+00:00" hostname="agent-env-666518cf-105a-4d5c-8086-d026ec17cfd2"><testcase classname="tests.test_socio_digital.TestAuth" name="test_root" time="0.236" /><testcase classname="tests.test_socio_digital.TestAuth" name="test_register_creates_owner" time="0.455" /><testcase classname="tests.test_socio_digital.TestAuth" name="test_register_duplicate_email_rejected" time="0.138" /><testcase classname="tests.test_socio_digital.TestUploadAndDashboard" name="test_dashboard_empty_state" time="0.835" /><testcase classname="tests.test_socio_digital.TestUploadAndDashboard" name="test_upload_transactions" time="0.336" /><testcase classname="tests.test_socio_digital.TestAuth" name="test_login_success" time="0.326" /><testcase classname="tests.test_socio_digital.TestAuth" name="test_login_invalid" time="0.318" /><testcase classname="tests.test_socio_digital.TestUploadAndDashboard" name="test_upload_invalid_file" time="0.308" /><testcase classname="tests.test_socio_digital.TestAuth" name="test_me_returns_user_and_company" time="0.215" /><testcase classname="tests.test_socio_digital.TestUploadAndDashboard" name="test_dashboard_summary_after_upload" time="0.124" /><testcase classname="tests.test_socio_digital.TestUploadAndDashboard" name="test_cashflow" time="0.147" /><testcase classname="tests.test_socio_digital.TestAuth" name="test_protected_without_token" time="0.160" /><testcase classname="tests.test_socio_digital.TestUploadAndDashboard" name="test_categories" time="0.139" /><testcase classname="tests.test_command_center.TestDemoAuth" name="test_login_returns_user_and_company" time="0.553" /><testcase classname="tests.test_command_center.TestSeededModules" name="test_dashboard_summary" time="0.592" /><testcase classname="tests.test_command_center.TestSeededModules" name="test_radar_alerts" time="0.057" /><testcase classname="tests.test_command_center.TestSeededModules" name="test_customers_seeded" time="0.064" /><testcase classname="tests.test_command_center.TestSeededModules" name="test_inventory_seeded" time="0.236" /><testcase classname="tests.test_command_center.TestSeededModules" name="test_transactions_seeded" time="0.060" /><testcase classname="tests.test_command_center.TestDemoAuth" name="test_me_endpoint" time="0.532" /><testcase classname="tests.test_socio_digital.TestTransactions" name="test_list" time="0.107" /><testcase classname="tests.test_socio_digital.TestTransactions" name="test_filter_type_receita" time="0.151" /><testcase classname="tests.test_command_center.TestDemoAuth" name="test_overview_requires_auth" time="0.122" /><testcase classname="tests.test_command_center.TestCommandOverview" name="test_overview_shape_and_scope" time="0.058" /><testcase classname="tests.test_socio_digital.TestTransactions" name="test_delete_transaction" time="0.169"><skipped type="pytest.skip" message="No transactions to delete">/app/backend/tests/test_socio_digital.py:142: No transactions to delete</skipped></testcase><testcase classname="tests.test_command_center.TestCommandOverview" name="test_insights_contract" time="0.059" /><testcase classname="tests.test_command_center.TestCommandOverview" name="test_no_mongo_object_id_leak" time="0.061" /><testcase classname="tests.test_command_center.TestChatAI" name="test_chat_stream_grounded_answer" time="4.122" /><testcase classname="tests.test_socio_digital.TestRadar" name="test_alerts_list" time="0.102" /><testcase classname="tests.test_socio_digital.TestRadar" name="test_recompute" time="0.168" /><testcase classname="tests.test_socio_digital.TestRadar" name="test_resolve_alert" time="0.122"><skipped type="pytest.skip" message="No alerts to resolve">/app/backend/tests/test_socio_digital.py:165: No alerts to resolve</skipped></testcase><testcase classname="tests.test_socio_digital.TestChat" name="test_history" time="0.127" /><testcase classname="tests.test_socio_digital.TestChat" name="test_stream_basic" time="8.884" /><testcase classname="tests.test_command_center.TestChatAI" name="test_chat_history_persisted" time="0.054" /><testcase classname="tests.test_socio_digital.TestTeam" name="test_get_team" time="0.466" /><testcase classname="tests.test_socio_digital.TestTeam" name="test_add_and_remove_member" time="0.474" /><testcase classname="tests.test_socio_digital.TestInventory" name="test_upload_and_list" time="0.236" /><testcase classname="tests.test_command_center.TestNewUserEmptyState" name="test_register_then_empty_overview" time="0.474" /><testcase classname="tests.test_socio_digital.TestCustomers" name="test_list" time="0.128" /></testsuite></testsuites>