<?xml version="1.0" encoding="utf-8"?><testsuites name="pytest tests"><testsuite name="pytest" errors="0" failures="0" skipped="0" tests="41" time="22.901" timestamp="2026-08-26T00:57:10.758847+00:00" hostname="agent-env-666518cf-105a-4d5c-8086-d026ec17cfd2"><testcase classname="tests.test_command_center.TestDemoAuth" name="test_login_returns_user_and_company" time="0.504" /><testcase classname="tests.test_command_center.TestDemoAuth" name="test_me_endpoint" time="0.492" /><testcase classname="tests.test_command_center.TestDemoAuth" name="test_overview_requires_auth" time="0.105" /><testcase classname="tests.test_command_center.TestCommandOverview" name="test_overview_shape_and_scope" time="0.060" /><testcase classname="tests.test_command_center.TestCommandOverview" name="test_insights_contract" time="0.066" /><testcase classname="tests.test_command_center.TestCommandOverview" name="test_no_mongo_object_id_leak" time="0.061" /><testcase classname="tests.test_command_center.TestSeededModules" name="test_dashboard_summary" time="0.065" /><testcase classname="tests.test_command_center.TestSeededModules" name="test_radar_alerts" time="0.060" /><testcase classname="tests.test_command_center.TestSeededModules" name="test_customers_seeded" time="0.066" /><testcase classname="tests.test_command_center.TestSeededModules" name="test_inventory_seeded" time="0.054" /><testcase classname="tests.test_command_center.TestSeededModules" name="test_transactions_seeded" time="0.094" /><testcase classname="tests.test_command_center.TestNewUserEmptyState" name="test_register_then_empty_overview" time="0.448" /><testcase classname="tests.test_command_center.TestChatAI" name="test_chat_stream_grounded_answer" time="5.075" /><testcase classname="tests.test_command_center.TestChatAI" name="test_chat_history_persisted" time="0.070" /><testcase classname="tests.test_command_center_extra.TestRadarSeededAlerts" name="test_nine_alerts_with_priorities" time="0.518" /><testcase classname="tests.test_command_center_extra.TestChatMultiTurn" name="test_two_turns_same_session" time="7.397" /><testcase classname="tests.test_socio_digital.TestAuth" name="test_root" time="0.144" /><testcase classname="tests.test_socio_digital.TestAuth" name="test_register_creates_owner" time="0.352" /><testcase classname="tests.test_socio_digital.TestAuth" name="test_register_duplicate_email_rejected" time="0.117" /><testcase classname="tests.test_socio_digital.TestAuth" name="test_login_success" time="0.345" /><testcase classname="tests.test_socio_digital.TestAuth" name="test_login_invalid" time="0.329" /><testcase classname="tests.test_socio_digital.TestAuth" name="test_me_returns_user_and_company" time="0.126" /><testcase classname="tests.test_socio_digital.TestAuth" name="test_protected_without_token" time="0.109" /><testcase classname="tests.test_socio_digital.TestUploadAndDashboard" name="test_dashboard_empty_state" time="0.101" /><testcase classname="tests.test_socio_digital.TestUploadAndDashboard" name="test_upload_transactions" time="0.157" /><testcase classname="tests.test_socio_digital.TestUploadAndDashboard" name="test_upload_invalid_file" time="0.100" /><testcase classname="tests.test_socio_digital.TestUploadAndDashboard" name="test_dashboard_summary_after_upload" time="0.092" /><testcase classname="tests.test_socio_digital.TestUploadAndDashboard" name="test_cashflow" time="0.118" /><testcase classname="tests.test_socio_digital.TestUploadAndDashboard" name="test_categories" time="0.101" /><testcase classname="tests.test_socio_digital.TestTransactions" name="test_list" time="0.101" /><testcase classname="tests.test_socio_digital.TestTransactions" name="test_filter_type_receita" time="0.104" /><testcase classname="tests.test_socio_digital.TestTransactions" name="test_delete_transaction" time="0.194" /><testcase classname="tests.test_socio_digital.TestRadar" name="test_alerts_list" time="0.143" /><testcase classname="tests.test_socio_digital.TestRadar" name="test_recompute" time="0.125" /><testcase classname="tests.test_socio_digital.TestRadar" name="test_resolve_alert" time="0.205" /><testcase classname="tests.test_socio_digital.TestCustomers" name="test_list" time="0.107" /><testcase classname="tests.test_socio_digital.TestInventory" name="test_upload_and_list" time="0.212" /><testcase classname="tests.test_socio_digital.TestTeam" name="test_get_team" time="0.098" /><testcase classname="tests.test_socio_digital.TestTeam" name="test_add_and_remove_member" time="0.503" /><testcase classname="tests.test_socio_digital.TestChat" name="test_history" time="0.116" /><testcase classname="tests.test_socio_digital.TestChat" name="test_stream_basic" time="3.591" /></testsuite></testsuites>